  Camera.cpp
  ComponentLoader.cpp
  LightComponent.cpp
  PlayerComponent.cpp
  ProjectileComponent.cpp
  TransformComponent.cpp
  Entity.cpp
  LightBuffer.cpp
  Mesh.cpp
D:\Documents\Visual Studio 2019\Projects\4.16\4.16\src\Resources\Mesh.cpp(104,27): warning C4244: '=': conversion from 'int' to 'float', possible loss of data
  Model.cpp
  ModelLoader.cpp
  ResourceManager.cpp
  Transform.cpp
  Window.cpp
  Engine.cpp
  Environment.cpp
D:\Documents\Visual Studio 2019\Projects\4.16\4.16\src\System\Environment.cpp(76,14): warning C4150: deletion of pointer to incomplete type 'Log'; no destructor called
D:\Documents\Visual Studio 2019\Projects\4.16\4.16\src\System\Environment.h(5): message : see declaration of 'Log'
  main.cpp
  Clock.cpp
  FileReader.cpp
soil2-debug.lib(SOIL2.obj) : warning LNK4075: ignoring '/EDITANDCONTINUE' due to '/OPT:ICF' specification
LINK : warning LNK4098: defaultlib 'MSVCRTD' conflicts with use of other libs; use /NODEFAULTLIB:library
  Generating code
  1312 of 1999 functions (65.6%) were compiled, the rest were copied from previous compilation.
    674 functions were new in current compilation
    167 functions had inline decision re-evaluated but remain unchanged
  Finished generating code
  4.16.vcxproj -> D:\Documents\Visual Studio 2019\Projects\4.16\Release\4.16.exe
